<?xml version="1.0" encoding="UTF-8"?>
<!-- Generated by org.testng.reporters.JUnitReportReporter -->
<testsuite hostname="DESKTOP-R5BV936" failures="0" tests="1" name="testCase.AcountPageTestCase" time="59.092" errors="0" timestamp="2023-02-11T08:02:51 IST" skipped="0">
  <testcase classname="testCase.AcountPageTestCase" name="validateMyacount" time="59.092"/>
  <system-out/>
</testsuite> <!-- testCase.AcountPageTestCase -->
