<?xml version="1.0" encoding="UTF-8"?>
<!-- Generated by org.testng.reporters.JUnitReportReporter -->
<testsuite hostname="DESKTOP-R5BV936" failures="0" tests="1" name="com.org.testCase.TC_MyAccountPage" time="6.689" errors="0" timestamp="2024-03-19T12:38:43 IST" skipped="0">
  <testcase classname="com.org.testCase.TC_MyAccountPage" name="verifyRegistration" time="6.689"/>
  <system-out/>
</testsuite> <!-- com.org.testCase.TC_MyAccountPage -->
