<?xml version="1.0" encoding="UTF-8"?>
<!-- Generated by org.testng.reporters.JUnitReportReporter -->
<testsuite hostname="DESKTOP-R5BV936" failures="0" tests="1" name="com.org.testCase.TC_MyAccountPage" time="5.194" errors="0" timestamp="2023-04-21T10:21:44 IST" skipped="0">
  <testcase classname="com.org.testCase.TC_MyAccountPage" name="verifyRegistration" time="5.194"/>
  <system-out/>
</testsuite> <!-- com.org.testCase.TC_MyAccountPage -->
