<?xml version="1.0" encoding="UTF-8"?>
<!-- Generated by org.testng.reporters.JUnitReportReporter -->
<testsuite hostname="DESKTOP-R5BV936" failures="0" tests="1" name="com.org.testCase.HomePageTestcase" time="13.474" errors="0" timestamp="2023-02-11T08:19:15 IST" skipped="0">
  <testcase classname="com.org.testCase.HomePageTestcase" name="validateMyacount" time="13.474"/>
  <system-out/>
</testsuite> <!-- com.org.testCase.HomePageTestcase -->
